\BOOKMARK [0][-]{chapter.1}{\376\377\000A\000b\000s\000t\000r\000a\000c\000t}{}% 1
\BOOKMARK [0][-]{chapter.2}{\376\377\000I\000n\000t\000r\000o\000d\000u\000c\000t\000i\000o\000n\000\040\000a\000n\000d\000\040\000T\000a\000r\000g\000e\000t\000e\000d\000\040\000O\000b\000j\000e\000c\000t\000i\000v\000e\000s}{}% 2
\BOOKMARK [0][-]{chapter.3}{\376\377\000P\000r\000o\000j\000e\000c\000t\000\040\000M\000a\000n\000a\000g\000e\000m\000e\000n\000t\000\040\000a\000n\000d\000\040\000T\000e\000a\000m\000\040\000C\000o\000o\000r\000d\000i\000n\000a\000t\000i\000o\000n}{}% 3
\BOOKMARK [0][-]{chapter.4}{\376\377\000I\000n\000f\000r\000a\000r\000e\000d\000\040\000D\000e\000t\000e\000c\000t\000i\000o\000n}{}% 4
\BOOKMARK [1][-]{section.4.1}{\376\377\000I\000n\000i\000t\000i\000a\000l\000\040\000I\000d\000e\000a\000s}{chapter.4}% 5
\BOOKMARK [1][-]{section.4.2}{\376\377\000D\000i\000s\000s\000e\000c\000t\000i\000n\000g\000\040\000t\000h\000e\000\040\000P\000h\000o\000t\000o\000t\000r\000a\000n\000s\000i\000s\000t\000o\000r}{chapter.4}% 6
\BOOKMARK [1][-]{section.4.3}{\376\377\000A\000m\000p\000l\000i\000f\000i\000c\000a\000t\000i\000o\000n\000\040\000A\000n\000a\000l\000y\000s\000i\000s}{chapter.4}% 7
\BOOKMARK [1][-]{section.4.4}{\376\377\000C\000o\000m\000p\000l\000e\000x\000i\000t\000i\000e\000s\000\040\000u\000s\000i\000n\000g\000\040\000B\000a\000n\000d\000-\000P\000a\000s\000s\000\040\000F\000i\000l\000t\000e\000r\000s}{chapter.4}% 8
\BOOKMARK [1][-]{section.4.5}{\376\377\000S\000i\000m\000p\000l\000i\000f\000i\000c\000a\000t\000i\000o\000n\000\040\000u\000s\000i\000n\000g\000\040\000A\000r\000d\000u\000i\000n\000o}{chapter.4}% 9
\BOOKMARK [1][-]{section.4.6}{\376\377\000B\000u\000i\000l\000d\000i\000n\000g\000\040\000a\000n\000d\000\040\000T\000e\000s\000t\000i\000n\000g}{chapter.4}% 10
\BOOKMARK [0][-]{chapter.5}{\376\377\000U\000l\000t\000r\000a\000s\000o\000u\000n\000d\000\040\000D\000e\000t\000e\000c\000t\000i\000o\000n}{}% 11
\BOOKMARK [1][-]{section.5.1}{\376\377\000I\000n\000i\000t\000i\000a\000l\000\040\000I\000d\000e\000a\000s}{chapter.5}% 12
\BOOKMARK [1][-]{section.5.2}{\376\377\000T\000h\000e\000\040\000U\000l\000t\000r\000a\000s\000o\000u\000n\000d\000\040\000S\000i\000g\000n\000a\000l}{chapter.5}% 13
\BOOKMARK [1][-]{section.5.3}{\376\377\000E\000n\000v\000e\000l\000o\000p\000e\000\040\000d\000e\000t\000e\000c\000t\000o\000r}{chapter.5}% 14
\BOOKMARK [1][-]{section.5.4}{\376\377\000C\000o\000m\000p\000a\000r\000a\000t\000o\000r}{chapter.5}% 15
\BOOKMARK [0][-]{chapter.6}{\376\377\000R\000a\000d\000i\000o\000\040\000D\000e\000t\000e\000c\000t\000i\000o\000n}{}% 16
\BOOKMARK [1][-]{section.6.1}{\376\377\000I\000n\000i\000t\000i\000a\000l\000\040\000I\000d\000e\000a\000s}{chapter.6}% 17
\BOOKMARK [1][-]{section.6.2}{\376\377\000C\000i\000r\000c\000u\000i\000t\000\040\000D\000e\000s\000i\000g\000n}{chapter.6}% 18
\BOOKMARK [0][-]{chapter.7}{\376\377\000M\000a\000g\000n\000e\000t\000i\000c\000\040\000D\000e\000t\000e\000c\000t\000i\000o\000n}{}% 19
\BOOKMARK [1][-]{section.7.1}{\376\377\000I\000n\000i\000t\000i\000a\000l\000\040\000I\000d\000e\000a\000s}{chapter.7}% 20
\BOOKMARK [1][-]{section.7.2}{\376\377\000H\000a\000l\000l\000\040\000E\000f\000f\000e\000c\000t\000\040\000S\000e\000n\000s\000o\000r}{chapter.7}% 21
\BOOKMARK [1][-]{section.7.3}{\376\377\000D\000R\000V\0005\0000\0005\0003\000\040\000H\000a\000l\000l\000\040\000S\000e\000n\000s\000o\000r\000\040\000A\000n\000a\000l\000y\000s\000i\000s}{chapter.7}% 22
\BOOKMARK [1][-]{section.7.4}{\376\377\000A\000m\000p\000l\000i\000f\000i\000c\000a\000t\000i\000o\000n}{chapter.7}% 23
\BOOKMARK [1][-]{section.7.5}{\376\377\000B\000u\000i\000l\000d\000i\000n\000g\000\040\000a\000n\000d\000\040\000T\000e\000s\000t\000i\000n\000g}{chapter.7}% 24
\BOOKMARK [0][-]{chapter.8}{\376\377\000A\000r\000d\000u\000i\000n\000o\000\040\000a\000n\000d\000\040\000C\000A\000D\000\040\000I\000n\000t\000e\000g\000r\000a\000t\000i\000o\000n}{}% 25
\BOOKMARK [1][-]{section.8.1}{\376\377\000A\000r\000d\000u\000i\000n\000o\000\040\000C\000o\000d\000e}{chapter.8}% 26
\BOOKMARK [1][-]{section.8.2}{\376\377\000C\000A\000D}{chapter.8}% 27
\BOOKMARK [0][-]{chapter.9}{\376\377\000C\000o\000n\000c\000l\000u\000s\000i\000o\000n}{}% 28
\BOOKMARK [0][-]{chapter.10}{\376\377\000P\000r\000o\000j\000e\000c\000t\000\040\000E\000v\000a\000l\000u\000a\000t\000i\000o\000n\000\040\000a\000n\000d\000\040\000F\000u\000t\000u\000r\000e\000\040\000A\000c\000t\000i\000o\000n\000s}{}% 29
\BOOKMARK [0][-]{appendix.A}{\376\377\000R\000e\000f\000e\000r\000e\000n\000c\000e\000s}{}% 30
