This is pdfTeX, Version 3.141592653-2.6-1.40.27 (TeX Live 2025) (preloaded format=pdflatex 2025.3.14)  11 JUN 2025 23:25
entering extended mode
 restricted \write18 enabled.
 file:line:error style messages enabled.
 %&-line parsing enabled.
**c:/Users/david/OneDrive/Documents/Arduino/EEDesignProject/report
(c:/Users/david/OneDrive/Documents/Arduino/EEDesignProject/report.tex
LaTeX2e <2024-11-01> patch level 2
L3 programming layer <2025-01-18>
(c:/texlive/2025/texmf-dist/tex/latex/base/report.cls
Document Class: report 2024/06/29 v1.4n Standard LaTeX document class
(c:/texlive/2025/texmf-dist/tex/latex/base/size12.clo
File: size12.clo 2024/06/29 v1.4n Standard LaTeX file (size option)
)
\c@part=\count196
\c@chapter=\count197
\c@section=\count198
\c@subsection=\count199
\c@subsubsection=\count266
\c@paragraph=\count267
\c@subparagraph=\count268
\c@figure=\count269
\c@table=\count270
\abovecaptionskip=\skip49
\belowcaptionskip=\skip50
\bibindent=\dimen141
) (c:/texlive/2025/texmf-dist/tex/latex/base/inputenc.sty
Package: inputenc 2024/02/08 v1.3d Input encoding file
\inpenc@prehook=\toks17
\inpenc@posthook=\toks18
) (c:/texlive/2025/texmf-dist/tex/latex/base/fontenc.sty
Package: fontenc 2021/04/29 v2.0v Standard LaTeX package
) (c:/texlive/2025/texmf-dist/tex/latex/graphics/graphicx.sty
Package: graphicx 2021/09/16 v1.2d Enhanced LaTeX Graphics (DPC,SPQR)
 (c:/texlive/2025/texmf-dist/tex/latex/graphics/keyval.sty
Package: keyval 2022/05/29 v1.15 key=value parser (DPC)
\KV@toks@=\toks19
) (c:/texlive/2025/texmf-dist/tex/latex/graphics/graphics.sty
Package: graphics 2024/08/06 v1.4g Standard LaTeX Graphics (DPC,SPQR)
 (c:/texlive/2025/texmf-dist/tex/latex/graphics/trig.sty
Package: trig 2023/12/02 v1.11 sin cos tan (DPC)
) (c:/texlive/2025/texmf-dist/tex/latex/graphics-cfg/graphics.cfg
File: graphics.cfg 2016/06/04 v1.11 sample graphics configuration
)
Package graphics Info: Driver file: pdftex.def on input line 106.
 (c:/texlive/2025/texmf-dist/tex/latex/graphics-def/pdftex.def
File: pdftex.def 2024/04/13 v1.2c Graphics/color driver for pdftex
))
\Gin@req@height=\dimen142
\Gin@req@width=\dimen143
) (c:/texlive/2025/texmf-dist/tex/latex/amsmath/amsmath.sty
Package: amsmath 2024/11/05 v2.17t AMS math features
\@mathmargin=\skip51

For additional information on amsmath, use the `?' option.
(c:/texlive/2025/texmf-dist/tex/latex/amsmath/amstext.sty
Package: amstext 2021/08/26 v2.01 AMS text
 (c:/texlive/2025/texmf-dist/tex/latex/amsmath/amsgen.sty
File: amsgen.sty 1999/11/30 v2.0 generic functions
\@emptytoks=\toks20
\ex@=\dimen144
)) (c:/texlive/2025/texmf-dist/tex/latex/amsmath/amsbsy.sty
Package: amsbsy 1999/11/29 v1.2d Bold Symbols
\pmbraise@=\dimen145
) (c:/texlive/2025/texmf-dist/tex/latex/amsmath/amsopn.sty
Package: amsopn 2022/04/08 v2.04 operator names
)
\inf@bad=\count271
LaTeX Info: Redefining \frac on input line 233.
\uproot@=\count272
\leftroot@=\count273
LaTeX Info: Redefining \overline on input line 398.
LaTeX Info: Redefining \colon on input line 409.
\classnum@=\count274
\DOTSCASE@=\count275
LaTeX Info: Redefining \ldots on input line 495.
LaTeX Info: Redefining \dots on input line 498.
LaTeX Info: Redefining \cdots on input line 619.
\Mathstrutbox@=\box52
\strutbox@=\box53
LaTeX Info: Redefining \big on input line 721.
LaTeX Info: Redefining \Big on input line 722.
LaTeX Info: Redefining \bigg on input line 723.
LaTeX Info: Redefining \Bigg on input line 724.
\big@size=\dimen146
LaTeX Font Info:    Redeclaring font encoding OML on input line 742.
LaTeX Font Info:    Redeclaring font encoding OMS on input line 743.
\macc@depth=\count276
LaTeX Info: Redefining \bmod on input line 904.
LaTeX Info: Redefining \pmod on input line 909.
LaTeX Info: Redefining \smash on input line 939.
LaTeX Info: Redefining \relbar on input line 969.
LaTeX Info: Redefining \Relbar on input line 970.
\c@MaxMatrixCols=\count277
\dotsspace@=\muskip17
\c@parentequation=\count278
\dspbrk@lvl=\count279
\tag@help=\toks21
\row@=\count280
\column@=\count281
\maxfields@=\count282
\andhelp@=\toks22
\eqnshift@=\dimen147
\alignsep@=\dimen148
\tagshift@=\dimen149
\tagwidth@=\dimen150
\totwidth@=\dimen151
\lineht@=\dimen152
\@envbody=\toks23
\multlinegap=\skip52
\multlinetaggap=\skip53
\mathdisplay@stack=\toks24
LaTeX Info: Redefining \[ on input line 2953.
LaTeX Info: Redefining \] on input line 2954.
) (c:/texlive/2025/texmf-dist/tex/latex/amsfonts/amssymb.sty
Package: amssymb 2013/01/14 v3.01 AMS font symbols
 (c:/texlive/2025/texmf-dist/tex/latex/amsfonts/amsfonts.sty
Package: amsfonts 2013/01/14 v3.01 Basic AMSFonts support
\symAMSa=\mathgroup4
\symAMSb=\mathgroup5
LaTeX Font Info:    Redeclaring math symbol \hbar on input line 98.
LaTeX Font Info:    Overwriting math alphabet `\mathfrak' in version `bold'
(Font)                  U/euf/m/n --> U/euf/b/n on input line 106.
)) (c:/texlive/2025/texmf-dist/tex/latex/caption/caption.sty
Package: caption 2023/08/05 v3.6o Customizing captions (AR)
 (c:/texlive/2025/texmf-dist/tex/latex/caption/caption3.sty
Package: caption3 2023/07/31 v2.4d caption3 kernel (AR)
\caption@tempdima=\dimen153
\captionmargin=\dimen154
\caption@leftmargin=\dimen155
\caption@rightmargin=\dimen156
\caption@width=\dimen157
\caption@indent=\dimen158
\caption@parindent=\dimen159
\caption@hangindent=\dimen160
Package caption Info: Standard document class detected.
)
\c@caption@flags=\count283
\c@continuedfloat=\count284
) (c:/texlive/2025/texmf-dist/tex/latex/caption/subcaption.sty
Package: subcaption 2023/07/28 v1.6b Sub-captions (AR)
Package caption Info: New subtype `subfigure' on input line 238.
\c@subfigure=\count285
Package caption Info: New subtype `subtable' on input line 238.
\c@subtable=\count286
) (c:/texlive/2025/texmf-dist/tex/latex/hyperref/hyperref.sty
Package: hyperref 2024-11-05 v7.01l Hypertext links for LaTeX
 (c:/texlive/2025/texmf-dist/tex/generic/iftex/iftex.sty
Package: iftex 2024/12/12 v1.0g TeX engine tests
) (c:/texlive/2025/texmf-dist/tex/latex/kvsetkeys/kvsetkeys.sty
Package: kvsetkeys 2022-10-05 v1.19 Key value parser (HO)
) (c:/texlive/2025/texmf-dist/tex/generic/kvdefinekeys/kvdefinekeys.sty
Package: kvdefinekeys 2019-12-19 v1.6 Define keys (HO)
) (c:/texlive/2025/texmf-dist/tex/generic/pdfescape/pdfescape.sty
Package: pdfescape 2019/12/09 v1.15 Implements pdfTeX's escape features (HO)
 (c:/texlive/2025/texmf-dist/tex/generic/ltxcmds/ltxcmds.sty
Package: ltxcmds 2023-12-04 v1.26 LaTeX kernel commands for general use (HO)
) (c:/texlive/2025/texmf-dist/tex/generic/pdftexcmds/pdftexcmds.sty
Package: pdftexcmds 2020-06-27 v0.33 Utility functions of pdfTeX for LuaTeX (HO)
 (c:/texlive/2025/texmf-dist/tex/generic/infwarerr/infwarerr.sty
Package: infwarerr 2019/12/03 v1.5 Providing info/warning/error messages (HO)
)
Package pdftexcmds Info: \pdf@primitive is available.
Package pdftexcmds Info: \pdf@ifprimitive is available.
Package pdftexcmds Info: \pdfdraftmode found.
)) (c:/texlive/2025/texmf-dist/tex/latex/hycolor/hycolor.sty
Package: hycolor 2020-01-27 v1.10 Color options for hyperref/bookmark (HO)
) (c:/texlive/2025/texmf-dist/tex/latex/hyperref/nameref.sty
Package: nameref 2023-11-26 v2.56 Cross-referencing by name of section
 (c:/texlive/2025/texmf-dist/tex/latex/refcount/refcount.sty
Package: refcount 2019/12/15 v3.6 Data extraction from label references (HO)
) (c:/texlive/2025/texmf-dist/tex/generic/gettitlestring/gettitlestring.sty
Package: gettitlestring 2019/12/15 v1.6 Cleanup title references (HO)
 (c:/texlive/2025/texmf-dist/tex/latex/kvoptions/kvoptions.sty
Package: kvoptions 2022-06-15 v3.15 Key value format for package options (HO)
))
\c@section@level=\count287
) (c:/texlive/2025/texmf-dist/tex/latex/etoolbox/etoolbox.sty
Package: etoolbox 2025/02/11 v2.5l e-TeX tools for LaTeX (JAW)
\etb@tempcnta=\count288
) (c:/texlive/2025/texmf-dist/tex/generic/stringenc/stringenc.sty
Package: stringenc 2019/11/29 v1.12 Convert strings between diff. encodings (HO)
)
\@linkdim=\dimen161
\Hy@linkcounter=\count289
\Hy@pagecounter=\count290
 (c:/texlive/2025/texmf-dist/tex/latex/hyperref/pd1enc.def
File: pd1enc.def 2024-11-05 v7.01l Hyperref: PDFDocEncoding definition (HO)
Now handling font encoding PD1 ...
... no UTF-8 mapping file for font encoding PD1
) (c:/texlive/2025/texmf-dist/tex/generic/intcalc/intcalc.sty
Package: intcalc 2019/12/15 v1.3 Expandable calculations with integers (HO)
)
\Hy@SavedSpaceFactor=\count291
 (c:/texlive/2025/texmf-dist/tex/latex/hyperref/puenc.def
File: puenc.def 2024-11-05 v7.01l Hyperref: PDF Unicode definition (HO)
Now handling font encoding PU ...
... no UTF-8 mapping file for font encoding PU
)
Package hyperref Info: Hyper figures OFF on input line 4157.
Package hyperref Info: Link nesting OFF on input line 4162.
Package hyperref Info: Hyper index ON on input line 4165.
Package hyperref Info: Plain pages OFF on input line 4172.
Package hyperref Info: Backreferencing OFF on input line 4177.
Package hyperref Info: Implicit mode ON; LaTeX internals redefined.
Package hyperref Info: Bookmarks ON on input line 4424.
\c@Hy@tempcnt=\count292
 (c:/texlive/2025/texmf-dist/tex/latex/url/url.sty
\Urlmuskip=\muskip18
Package: url 2013/09/16  ver 3.4  Verb mode for urls, etc.
)
LaTeX Info: Redefining \url on input line 4763.
\XeTeXLinkMargin=\dimen162
 (c:/texlive/2025/texmf-dist/tex/generic/bitset/bitset.sty
Package: bitset 2019/12/09 v1.3 Handle bit-vector datatype (HO)
 (c:/texlive/2025/texmf-dist/tex/generic/bigintcalc/bigintcalc.sty
Package: bigintcalc 2019/12/15 v1.5 Expandable calculations on big integers (HO)
))
\Fld@menulength=\count293
\Field@Width=\dimen163
\Fld@charsize=\dimen164
Package hyperref Info: Hyper figures OFF on input line 6042.
Package hyperref Info: Link nesting OFF on input line 6047.
Package hyperref Info: Hyper index ON on input line 6050.
Package hyperref Info: backreferencing OFF on input line 6057.
Package hyperref Info: Link coloring OFF on input line 6062.
Package hyperref Info: Link coloring with OCG OFF on input line 6067.
Package hyperref Info: PDF/A mode OFF on input line 6072.
 (c:/texlive/2025/texmf-dist/tex/latex/base/atbegshi-ltx.sty
Package: atbegshi-ltx 2021/01/10 v1.0c Emulation of the original atbegshi
package with kernel methods
)
\Hy@abspage=\count294
\c@Item=\count295
\c@Hfootnote=\count296
)
Package hyperref Info: Driver (autodetected): hpdftex.
 (c:/texlive/2025/texmf-dist/tex/latex/hyperref/hpdftex.def
File: hpdftex.def 2024-11-05 v7.01l Hyperref driver for pdfTeX
 (c:/texlive/2025/texmf-dist/tex/latex/base/atveryend-ltx.sty
Package: atveryend-ltx 2020/08/19 v1.0a Emulation of the original atveryend package
with kernel methods
)
\Fld@listcount=\count297
\c@bookmark@seq@number=\count298
 (c:/texlive/2025/texmf-dist/tex/latex/rerunfilecheck/rerunfilecheck.sty
Package: rerunfilecheck 2022-07-10 v1.10 Rerun checks for auxiliary files (HO)
 (c:/texlive/2025/texmf-dist/tex/generic/uniquecounter/uniquecounter.sty
Package: uniquecounter 2019/12/15 v1.4 Provide unlimited unique counter (HO)
)
Package uniquecounter Info: New unique counter `rerunfilecheck' on input line 285.
)
\Hy@SectionHShift=\skip54
) (c:/texlive/2025/texmf-dist/tex/latex/fancyhdr/fancyhdr.sty
Package: fancyhdr 2025/02/07 v5.2 Extensive control of page headers and footers
\f@nch@headwidth=\skip55
\f@nch@offset@elh=\skip56
\f@nch@offset@erh=\skip57
\f@nch@offset@olh=\skip58
\f@nch@offset@orh=\skip59
\f@nch@offset@elf=\skip60
\f@nch@offset@erf=\skip61
\f@nch@offset@olf=\skip62
\f@nch@offset@orf=\skip63
\f@nch@height=\skip64
\f@nch@footalignment=\skip65
\f@nch@widthL=\skip66
\f@nch@widthC=\skip67
\f@nch@widthR=\skip68
\@temptokenb=\toks25
) (c:/texlive/2025/texmf-dist/tex/latex/geometry/geometry.sty
Package: geometry 2020/01/02 v5.9 Page Geometry
 (c:/texlive/2025/texmf-dist/tex/generic/iftex/ifvtex.sty
Package: ifvtex 2019/10/25 v1.7 ifvtex legacy package. Use iftex instead.
)
\Gm@cnth=\count299
\Gm@cntv=\count300
\c@Gm@tempcnt=\count301
\Gm@bindingoffset=\dimen165
\Gm@wd@mp=\dimen166
\Gm@odd@mp=\dimen167
\Gm@even@mp=\dimen168
\Gm@layoutwidth=\dimen169
\Gm@layoutheight=\dimen170
\Gm@layouthoffset=\dimen171
\Gm@layoutvoffset=\dimen172
\Gm@dimlist=\toks26
) (c:/texlive/2025/texmf-dist/tex/latex/titlesec/titlesec.sty
Package: titlesec 2025/01/04 v2.17 Sectioning titles
\ttl@box=\box54
\beforetitleunit=\skip69
\aftertitleunit=\skip70
\ttl@plus=\dimen173
\ttl@minus=\dimen174
\ttl@toksa=\toks27
\titlewidth=\dimen175
\titlewidthlast=\dimen176
\titlewidthfirst=\dimen177
) (c:/texlive/2025/texmf-dist/tex/latex/lipsum/lipsum.sty (c:/texlive/2025/texmf-dist/tex/latex/l3packages/l3keys2e/l3keys2e.sty (c:/texlive/2025/texmf-dist/tex/latex/l3kernel/expl3.sty
Package: expl3 2025-01-18 L3 programming layer (loader) 
 (c:/texlive/2025/texmf-dist/tex/latex/l3backend/l3backend-pdftex.def
File: l3backend-pdftex.def 2024-05-08 L3 backend support: PDF output (pdfTeX)
\l__color_backend_stack_int=\count302
\l__pdf_internal_box=\box55
))
Package: l3keys2e 2024-08-16 LaTeX2e option processing using LaTeX3 keys
)
Package: lipsum 2021-09-20 v2.7 150 paragraphs of Lorem Ipsum dummy text
\g__lipsum_par_int=\count303
\l__lipsum_a_int=\count304
\l__lipsum_b_int=\count305
 (c:/texlive/2025/texmf-dist/tex/latex/lipsum/lipsum.ltd.tex)) (c:/texlive/2025/texmf-dist/tex/latex/float/float.sty
Package: float 2001/11/08 v1.3d Float enhancements (AL)
\c@float@type=\count306
\float@exts=\toks28
\float@box=\box56
\@float@everytoks=\toks29
\@floatcapt=\box57
) (./report.aux

LaTeX Warning: Label `fig:passive_bp_filter' multiply defined.


LaTeX Warning: Label `fig:binary_transition' multiply defined.


LaTeX Warning: Label `fig:magnet_arm' multiply defined.

)
\openout1 = `report.aux'.

LaTeX Font Info:    Checking defaults for OML/cmm/m/it on input line 33.
LaTeX Font Info:    ... okay on input line 33.
LaTeX Font Info:    Checking defaults for OMS/cmsy/m/n on input line 33.
LaTeX Font Info:    ... okay on input line 33.
LaTeX Font Info:    Checking defaults for OT1/cmr/m/n on input line 33.
LaTeX Font Info:    ... okay on input line 33.
LaTeX Font Info:    Checking defaults for T1/cmr/m/n on input line 33.
LaTeX Font Info:    ... okay on input line 33.
LaTeX Font Info:    Checking defaults for TS1/cmr/m/n on input line 33.
LaTeX Font Info:    ... okay on input line 33.
LaTeX Font Info:    Checking defaults for OMX/cmex/m/n on input line 33.
LaTeX Font Info:    ... okay on input line 33.
LaTeX Font Info:    Checking defaults for U/cmr/m/n on input line 33.
LaTeX Font Info:    ... okay on input line 33.
LaTeX Font Info:    Checking defaults for PD1/pdf/m/n on input line 33.
LaTeX Font Info:    ... okay on input line 33.
LaTeX Font Info:    Checking defaults for PU/pdf/m/n on input line 33.
LaTeX Font Info:    ... okay on input line 33.
 (c:/texlive/2025/texmf-dist/tex/context/base/mkii/supp-pdf.mkii
[Loading MPS to PDF converter (version 2006.09.02).]
\scratchcounter=\count307
\scratchdimen=\dimen178
\scratchbox=\box58
\nofMPsegments=\count308
\nofMParguments=\count309
\everyMPshowfont=\toks30
\MPscratchCnt=\count310
\MPscratchDim=\dimen179
\MPnumerator=\count311
\makeMPintoPDFobject=\count312
\everyMPtoPDFconversion=\toks31
) (c:/texlive/2025/texmf-dist/tex/latex/epstopdf-pkg/epstopdf-base.sty
Package: epstopdf-base 2020-01-24 v2.11 Base part for package epstopdf
Package epstopdf-base Info: Redefining graphics rule for `.eps' on input line 485.
 (c:/texlive/2025/texmf-dist/tex/latex/latexconfig/epstopdf-sys.cfg
File: epstopdf-sys.cfg 2010/07/13 v1.3 Configuration of (r)epstopdf for TeX Live
))
Package caption Info: Begin \AtBeginDocument code.
Package caption Info: float package is loaded.
Package caption Info: hyperref package is loaded.
Package caption Info: End \AtBeginDocument code.
Package hyperref Info: Link coloring OFF on input line 33.
 (./report.out) (./report.out)
\@outlinefile=\write3
\openout3 = `report.out'.


*geometry* driver: auto-detecting
*geometry* detected driver: pdftex
*geometry* verbose mode - [ preamble ] result:
* driver: pdftex
* paper: a4paper
* layout: <same size as paper>
* layoutoffset:(h,v)=(0.0pt,0.0pt)
* modes: 
* h-part:(L,W,R)=(85.35826pt, 426.79135pt, 85.35826pt)
* v-part:(T,H,B)=(71.13188pt, 702.78308pt, 71.13188pt)
* \paperwidth=597.50787pt
* \paperheight=845.04684pt
* \textwidth=426.79135pt
* \textheight=702.78308pt
* \oddsidemargin=13.08827pt
* \evensidemargin=13.08827pt
* \topmargin=-38.1381pt
* \headheight=12.0pt
* \headsep=25.0pt
* \topskip=12.0pt
* \footskip=30.0pt
* \marginparwidth=35.0pt
* \marginparsep=10.0pt
* \columnsep=10.0pt
* \skip\footins=10.8pt plus 4.0pt minus 2.0pt
* \hoffset=0.0pt
* \voffset=0.0pt
* \mag=1000
* \@twocolumnfalse
* \@twosidefalse
* \@mparswitchfalse
* \@reversemarginfalse
* (1in=72.27pt=25.4mm, 1cm=28.453pt)

LaTeX Font Info:    Trying to load font information for U+msa on input line 36.
(c:/texlive/2025/texmf-dist/tex/latex/amsfonts/umsa.fd
File: umsa.fd 2013/01/14 v3.01 AMS symbols A
)
LaTeX Font Info:    Trying to load font information for U+msb on input line 36.
 (c:/texlive/2025/texmf-dist/tex/latex/amsfonts/umsb.fd
File: umsb.fd 2013/01/14 v3.01 AMS symbols B
)

[1

{c:/texlive/2025/texmf-var/fonts/map/pdftex/updmap/pdftex.map}{c:/texlive/2025/texmf-dist/fonts/enc/dvips/cm-super/cm-super-t1.enc}] (./report.toc)
\tf@toc=\write4
\openout4 = `report.toc'.




pdfTeX warning (ext4): destination with the same identifier (name{page.1}) has been already used, duplicate ignored
<to be read again> 
                   \relax 
l.37 \newpage
              [1

]
Chapter 1.
(./subpages/abstract.tex)

[2

]
Chapter 2.
(./subpages/intro.tex

[3

]


Package fancyhdr Warning: \headheight is too small (12.0pt): 
(fancyhdr)                Make it at least 14.49998pt, for example:
(fancyhdr)                \setlength{\headheight}{14.49998pt}.
(fancyhdr)                You might also make \topmargin smaller:
(fancyhdr)                \addtolength{\topmargin}{-2.49998pt}.

[4])


Package fancyhdr Warning: \headheight is too small (12.0pt): 
(fancyhdr)                Make it at least 14.49998pt, for example:
(fancyhdr)                \setlength{\headheight}{14.49998pt}.
(fancyhdr)                You might also make \topmargin smaller:
(fancyhdr)                \addtolength{\topmargin}{-2.49998pt}.

[5]
Chapter 3.
(./subpages/management.tex
<subpages/images/gantt_chart.png, id=187, 957.5775pt x 809.0225pt>
File: subpages/images/gantt_chart.png Graphic file (type png)
<use subpages/images/gantt_chart.png>
Package pdftex.def Info: subpages/images/gantt_chart.png  used on input line 5.
(pdftex.def)             Requested size: 341.43437pt x 288.45798pt.


[6

{c:/texlive/2025/texmf-dist/fonts/enc/dvips/cm-super/cm-super-ts1.enc} <./subpages/images/gantt_chart.png>])


Package fancyhdr Warning: \headheight is too small (12.0pt): 
(fancyhdr)                Make it at least 14.49998pt, for example:
(fancyhdr)                \setlength{\headheight}{14.49998pt}.
(fancyhdr)                You might also make \topmargin smaller:
(fancyhdr)                \addtolength{\topmargin}{-2.49998pt}.

[7]
Chapter 4.
(./subpages/infrared.tex
<subpages/images/phototransistor.png, id=201, 652.4375pt x 632.3625pt>
File: subpages/images/phototransistor.png Graphic file (type png)
<use subpages/images/phototransistor.png>
Package pdftex.def Info: subpages/images/phototransistor.png  used on input line 7.
(pdftex.def)             Requested size: 341.43437pt x 330.94354pt.


LaTeX Warning: `h' float specifier changed to `ht'.

<subpages/images/pt_transient.png, id=202, 845.1575pt x 847.165pt>
File: subpages/images/pt_transient.png Graphic file (type png)
<use subpages/images/pt_transient.png>
Package pdftex.def Info: subpages/images/pt_transient.png  used on input line 22.
(pdftex.def)             Requested size: 341.43437pt x 342.24678pt.


[8

]

LaTeX Warning: `h' float specifier changed to `ht'.




Package fancyhdr Warning: \headheight is too small (12.0pt): 
(fancyhdr)                Make it at least 14.49998pt, for example:
(fancyhdr)                \setlength{\headheight}{14.49998pt}.
(fancyhdr)                You might also make \topmargin smaller:
(fancyhdr)                \addtolength{\topmargin}{-2.49998pt}.

[9 <./subpages/images/phototransistor.png>]
<subpages/images/amplification_stage.png, id=213, 507.8975pt x 319.1925pt>
File: subpages/images/amplification_stage.png Graphic file (type png)
<use subpages/images/amplification_stage.png>
Package pdftex.def Info: subpages/images/amplification_stage.png  used on input line 42.
(pdftex.def)             Requested size: 341.43437pt x 214.58356pt.


LaTeX Warning: `h' float specifier changed to `ht'.




Package fancyhdr Warning: \headheight is too small (12.0pt): 
(fancyhdr)                Make it at least 14.49998pt, for example:
(fancyhdr)                \setlength{\headheight}{14.49998pt}.
(fancyhdr)                You might also make \topmargin smaller:
(fancyhdr)                \addtolength{\topmargin}{-2.49998pt}.

[10 <./subpages/images/pt_transient.png>]
<subpages/images/passive_bp_filter.png, id=220, 971.63pt x 415.5525pt>
File: subpages/images/passive_bp_filter.png Graphic file (type png)
<use subpages/images/passive_bp_filter.png>
Package pdftex.def Info: subpages/images/passive_bp_filter.png  used on input line 58.
(pdftex.def)             Requested size: 341.43437pt x 146.02257pt.
<subpages/images/test_passive_bp.png, id=221, 899.36pt x 905.3825pt>
File: subpages/images/test_passive_bp.png Graphic file (type png)
<use subpages/images/test_passive_bp.png>
Package pdftex.def Info: subpages/images/test_passive_bp.png  used on input line 64.
(pdftex.def)             Requested size: 341.43437pt x 343.71736pt.


LaTeX Warning: `h' float specifier changed to `ht'.




Package fancyhdr Warning: \headheight is too small (12.0pt): 
(fancyhdr)                Make it at least 14.49998pt, for example:
(fancyhdr)                \setlength{\headheight}{14.49998pt}.
(fancyhdr)                You might also make \topmargin smaller:
(fancyhdr)                \addtolength{\topmargin}{-2.49998pt}.

[11 <./subpages/images/amplification_stage.png> <./subpages/images/passive_bp_filter.png>]
<subpages/images/non-invert-active-bp-filter.png, id=235, 1365.1pt x 867.24pt>
File: subpages/images/non-invert-active-bp-filter.png Graphic file (type png)
<use subpages/images/non-invert-active-bp-filter.png>
Package pdftex.def Info: subpages/images/non-invert-active-bp-filter.png  used on input line 88.
(pdftex.def)             Requested size: 341.43437pt x 216.9021pt.


LaTeX Warning: `h' float specifier changed to `ht'.

<subpages/images/ir_result_1.png, id=236, 664.4825pt x 397.485pt>
File: subpages/images/ir_result_1.png Graphic file (type png)
<use subpages/images/ir_result_1.png>
Package pdftex.def Info: subpages/images/ir_result_1.png  used on input line 94.
(pdftex.def)             Requested size: 341.43437pt x 204.24307pt.

LaTeX Warning: `h' float specifier changed to `ht'.




Package fancyhdr Warning: \headheight is too small (12.0pt): 
(fancyhdr)                Make it at least 14.49998pt, for example:
(fancyhdr)                \setlength{\headheight}{14.49998pt}.
(fancyhdr)                You might also make \topmargin smaller:
(fancyhdr)                \addtolength{\topmargin}{-2.49998pt}.

[12 <./subpages/images/test_passive_bp.png>]
<subpages/images/sallen_key.png, id=246, 969.6225pt x 768.8725pt>
File: subpages/images/sallen_key.png Graphic file (type png)
<use subpages/images/sallen_key.png>
Package pdftex.def Info: subpages/images/sallen_key.png  used on input line 107.
(pdftex.def)             Requested size: 341.43437pt x 270.74016pt.


LaTeX Warning: `h' float specifier changed to `ht'.

<subpages/images/sallen_key2.png, id=247, 1045.9075pt x 949.5475pt>
File: subpages/images/sallen_key2.png Graphic file (type png)
<use subpages/images/sallen_key2.png>
Package pdftex.def Info: subpages/images/sallen_key2.png  used on input line 116.
(pdftex.def)             Requested size: 341.43437pt x 309.97572pt.

LaTeX Warning: `h' float specifier changed to `ht'.




Package fancyhdr Warning: \headheight is too small (12.0pt): 
(fancyhdr)                Make it at least 14.49998pt, for example:
(fancyhdr)                \setlength{\headheight}{14.49998pt}.
(fancyhdr)                You might also make \topmargin smaller:
(fancyhdr)                \addtolength{\topmargin}{-2.49998pt}.

[13 <./subpages/images/non-invert-active-bp-filter.png> <./subpages/images/ir_result_1.png>]
<subpages/images/ir_complex.png, id=256, 1082.0425pt x 807.015pt>
File: subpages/images/ir_complex.png Graphic file (type png)
<use subpages/images/ir_complex.png>
Package pdftex.def Info: subpages/images/ir_complex.png  used on input line 126.
(pdftex.def)             Requested size: 341.43437pt x 254.64206pt.



Package fancyhdr Warning: \headheight is too small (12.0pt): 
(fancyhdr)                Make it at least 14.49998pt, for example:
(fancyhdr)                \setlength{\headheight}{14.49998pt}.
(fancyhdr)                You might also make \topmargin smaller:
(fancyhdr)                \addtolength{\topmargin}{-2.49998pt}.

[14 <./subpages/images/sallen_key.png> <./subpages/images/ir_complex.png>]
Overfull \hbox (10.81445pt too wide) in paragraph at lines 139--140
[]\T1/cmr/m/n/12 Thus, though trade-offs were re-quired, the LM324N pre-sented it-self most favourable
 []

<subpages/images/lm324n.png, id=265, 608.2725pt x 475.7775pt>
File: subpages/images/lm324n.png Graphic file (type png)
<use subpages/images/lm324n.png>
Package pdftex.def Info: subpages/images/lm324n.png  used on input line 143.
(pdftex.def)             Requested size: 341.43437pt x 267.06517pt.



Package fancyhdr Warning: \headheight is too small (12.0pt): 
(fancyhdr)                Make it at least 14.49998pt, for example:
(fancyhdr)                \setlength{\headheight}{14.49998pt}.
(fancyhdr)                You might also make \topmargin smaller:
(fancyhdr)                \addtolength{\topmargin}{-2.49998pt}.

[15 <./subpages/images/sallen_key2.png>]


Package fancyhdr Warning: \headheight is too small (12.0pt): 
(fancyhdr)                Make it at least 14.49998pt, for example:
(fancyhdr)                \setlength{\headheight}{14.49998pt}.
(fancyhdr)                You might also make \topmargin smaller:
(fancyhdr)                \addtolength{\topmargin}{-2.49998pt}.

[16 <./subpages/images/lm324n.png>]
<subpages/images/ir_expected.png, id=279, 891.33pt x 744.7825pt>
File: subpages/images/ir_expected.png Graphic file (type png)
<use subpages/images/ir_expected.png>
Package pdftex.def Info: subpages/images/ir_expected.png  used on input line 173.
(pdftex.def)             Requested size: 341.43437pt x 285.29318pt.
<subpages/images/ir_final.png, id=280, 1238.6275pt x 654.445pt>
File: subpages/images/ir_final.png Graphic file (type png)
<use subpages/images/ir_final.png>
Package pdftex.def Info: subpages/images/ir_final.png  used on input line 179.
(pdftex.def)             Requested size: 341.43437pt x 180.39734pt.
<subpages/images/ir_procedure.png, id=281, 935.495pt x 544.0325pt>
File: subpages/images/ir_procedure.png Graphic file (type png)
<use subpages/images/ir_procedure.png>
Package pdftex.def Info: subpages/images/ir_procedure.png  used on input line 187.
(pdftex.def)             Requested size: 341.43437pt x 198.55775pt.
<subpages/images/ir_irl.png, id=282, 871.255pt x 349.305pt>
File: subpages/images/ir_irl.png Graphic file (type png)
<use subpages/images/ir_irl.png>
Package pdftex.def Info: subpages/images/ir_irl.png  used on input line 193.
(pdftex.def)             Requested size: 341.43437pt x 136.88397pt.



Package fancyhdr Warning: \headheight is too small (12.0pt): 
(fancyhdr)                Make it at least 14.49998pt, for example:
(fancyhdr)                \setlength{\headheight}{14.49998pt}.
(fancyhdr)                You might also make \topmargin smaller:
(fancyhdr)                \addtolength{\topmargin}{-2.49998pt}.

[17 <./subpages/images/ir_expected.png> <./subpages/images/ir_final.png>]
<subpages/images/ir_probe.png, id=291, 646.415pt x 453.695pt>
File: subpages/images/ir_probe.png Graphic file (type png)
<use subpages/images/ir_probe.png>
Package pdftex.def Info: subpages/images/ir_probe.png  used on input line 202.
(pdftex.def)             Requested size: 341.43437pt x 239.6403pt.


LaTeX Warning: `h' float specifier changed to `ht'.




Package fancyhdr Warning: \headheight is too small (12.0pt): 
(fancyhdr)                Make it at least 14.49998pt, for example:
(fancyhdr)                \setlength{\headheight}{14.49998pt}.
(fancyhdr)                You might also make \topmargin smaller:
(fancyhdr)                \addtolength{\topmargin}{-2.49998pt}.

[18 <./subpages/images/ir_procedure.png> <./subpages/images/ir_irl.png>])


Package fancyhdr Warning: \headheight is too small (12.0pt): 
(fancyhdr)                Make it at least 14.49998pt, for example:
(fancyhdr)                \setlength{\headheight}{14.49998pt}.
(fancyhdr)                You might also make \topmargin smaller:
(fancyhdr)                \addtolength{\topmargin}{-2.49998pt}.

[19 <./subpages/images/ir_probe.png>]
Chapter 5.
(./subpages/ultrasound.tex
<subpages/images/ultra_spec.png, id=307, 654.445pt x 244.915pt>
File: subpages/images/ultra_spec.png Graphic file (type png)
<use subpages/images/ultra_spec.png>
Package pdftex.def Info: subpages/images/ultra_spec.png  used on input line 5.
(pdftex.def)             Requested size: 341.43437pt x 127.77507pt.
<subpages/images/ultra_circuit_naming.png, id=308, 1084.05pt x 616.3025pt>
File: subpages/images/ultra_circuit_naming.png Graphic file (type png)
<use subpages/images/ultra_circuit_naming.png>
Package pdftex.def Info: subpages/images/ultra_circuit_naming.png  used on input line 22.
(pdftex.def)             Requested size: 341.43437pt x 194.1081pt.


LaTeX Warning: `h' float specifier changed to `ht'.



[20

 <./subpages/images/ultra_spec.png>]
<subpages/images/ultra_sensitive_freq.png, id=315, 515.9275pt x 269.005pt>
File: subpages/images/ultra_sensitive_freq.png Graphic file (type png)
<use subpages/images/ultra_sensitive_freq.png>
Package pdftex.def Info: subpages/images/ultra_sensitive_freq.png  used on input line 35.
(pdftex.def)             Requested size: 341.43437pt x 178.02818pt.
<subpages/images/ultra_oscilloscope_transducer.png, id=316, 1367.1075pt x 945.5325pt>
File: subpages/images/ultra_oscilloscope_transducer.png Graphic file (type png)
<use subpages/images/ultra_oscilloscope_transducer.png>
Package pdftex.def Info: subpages/images/ultra_oscilloscope_transducer.png  used on input line 43.
(pdftex.def)             Requested size: 341.43437pt x 236.13727pt.
<subpages/images/ultra_circuit_trans_amp.png, id=317, 1114.1625pt x 815.045pt>
File: subpages/images/ultra_circuit_trans_amp.png Graphic file (type png)
<use subpages/images/ultra_circuit_trans_amp.png>
Package pdftex.def Info: subpages/images/ultra_circuit_trans_amp.png  used on input line 50.
(pdftex.def)             Requested size: 341.43437pt x 249.76361pt.


LaTeX Warning: `h' float specifier changed to `ht'.




Package fancyhdr Warning: \headheight is too small (12.0pt): 
(fancyhdr)                Make it at least 14.49998pt, for example:
(fancyhdr)                \setlength{\headheight}{14.49998pt}.
(fancyhdr)                You might also make \topmargin smaller:
(fancyhdr)                \addtolength{\topmargin}{-2.49998pt}.

[21 <./subpages/images/ultra_circuit_naming.png> <./subpages/images/ultra_sensitive_freq.png>]
<subpages/images/ultra_bv_output.png, id=326, 1569.865pt x 309.155pt>
File: subpages/images/ultra_bv_output.png Graphic file (type png)
<use subpages/images/ultra_bv_output.png>
Package pdftex.def Info: subpages/images/ultra_bv_output.png  used on input line 58.
(pdftex.def)             Requested size: 341.43437pt x 67.23595pt.


LaTeX Warning: `h' float specifier changed to `ht'.

<subpages/images/non_invert_amp.png, id=327, 1286.8075pt x 752.8125pt>
File: subpages/images/non_invert_amp.png Graphic file (type png)
<use subpages/images/non_invert_amp.png>
Package pdftex.def Info: subpages/images/non_invert_amp.png  used on input line 65.
(pdftex.def)             Requested size: 341.43437pt x 199.74707pt.



Package fancyhdr Warning: \headheight is too small (12.0pt): 
(fancyhdr)                Make it at least 14.49998pt, for example:
(fancyhdr)                \setlength{\headheight}{14.49998pt}.
(fancyhdr)                You might also make \topmargin smaller:
(fancyhdr)                \addtolength{\topmargin}{-2.49998pt}.

[22 <./subpages/images/ultra_oscilloscope_transducer.png> <./subpages/images/ultra_circuit_trans_amp.png>]
<subpages/images/ultra_output_amplified.png, id=336, 1690.315pt x 335.2525pt>
File: subpages/images/ultra_output_amplified.png Graphic file (type png)
<use subpages/images/ultra_output_amplified.png>
Package pdftex.def Info: subpages/images/ultra_output_amplified.png  used on input line 74.
(pdftex.def)             Requested size: 341.43437pt x 67.71944pt.



Package fancyhdr Warning: \headheight is too small (12.0pt): 
(fancyhdr)                Make it at least 14.49998pt, for example:
(fancyhdr)                \setlength{\headheight}{14.49998pt}.
(fancyhdr)                You might also make \topmargin smaller:
(fancyhdr)                \addtolength{\topmargin}{-2.49998pt}.

[23 <./subpages/images/ultra_bv_output.png> <./subpages/images/non_invert_amp.png> <./subpages/images/ultra_output_amplified.png>]
<subpages/images/ultra_4_gain.png, id=348, 1214.5375pt x 859.21pt>
File: subpages/images/ultra_4_gain.png Graphic file (type png)
<use subpages/images/ultra_4_gain.png>
Package pdftex.def Info: subpages/images/ultra_4_gain.png  used on input line 84.
(pdftex.def)             Requested size: 341.43437pt x 241.53423pt.
<subpages/images/ultra_envelope.png, id=349, 839.135pt x 540.0175pt>
File: subpages/images/ultra_envelope.png Graphic file (type png)
<use subpages/images/ultra_envelope.png>
Package pdftex.def Info: subpages/images/ultra_envelope.png  used on input line 93.
(pdftex.def)             Requested size: 341.43437pt x 219.72765pt.
<subpages/images/ultra_output_demodulated.png, id=350, 2051.665pt x 407.5225pt>
File: subpages/images/ultra_output_demodulated.png Graphic file (type png)
<use subpages/images/ultra_output_demodulated.png>
Package pdftex.def Info: subpages/images/ultra_output_demodulated.png  used on input line 100.
(pdftex.def)             Requested size: 341.43437pt x 67.8166pt.


LaTeX Warning: `h' float specifier changed to `ht'.


LaTeX Warning: `h' float specifier changed to `ht'.




Package fancyhdr Warning: \headheight is too small (12.0pt): 
(fancyhdr)                Make it at least 14.49998pt, for example:
(fancyhdr)                \setlength{\headheight}{14.49998pt}.
(fancyhdr)                You might also make \topmargin smaller:
(fancyhdr)                \addtolength{\topmargin}{-2.49998pt}.

[24 <./subpages/images/ultra_4_gain.png>]
<subpages/images/ultra_lp.png, id=358, 1031.855pt x 907.39pt>
File: subpages/images/ultra_lp.png Graphic file (type png)
<use subpages/images/ultra_lp.png>
Package pdftex.def Info: subpages/images/ultra_lp.png  used on input line 110.
(pdftex.def)             Requested size: 192.0548pt x 168.8891pt.
<subpages/images/ultra_comparator.png, id=359, 893.3375pt x 542.025pt>
File: subpages/images/ultra_comparator.png Graphic file (type png)
<use subpages/images/ultra_comparator.png>
Package pdftex.def Info: subpages/images/ultra_comparator.png  used on input line 119.
(pdftex.def)             Requested size: 341.43437pt x 207.1626pt.



Package fancyhdr Warning: \headheight is too small (12.0pt): 
(fancyhdr)                Make it at least 14.49998pt, for example:
(fancyhdr)                \setlength{\headheight}{14.49998pt}.
(fancyhdr)                You might also make \topmargin smaller:
(fancyhdr)                \addtolength{\topmargin}{-2.49998pt}.

[25 <./subpages/images/ultra_envelope.png> <./subpages/images/ultra_output_demodulated.png> <./subpages/images/ultra_lp.png>]
<subpages/images/ultra_reference_out.png, id=370, 1449.415pt x 285.065pt>
File: subpages/images/ultra_reference_out.png Graphic file (type png)
<use subpages/images/ultra_reference_out.png>
Package pdftex.def Info: subpages/images/ultra_reference_out.png  used on input line 130.
(pdftex.def)             Requested size: 341.43437pt x 67.15121pt.
<subpages/images/ultra_binary_out.png, id=371, 1481.535pt x 295.1025pt>
File: subpages/images/ultra_binary_out.png Graphic file (type png)
<use subpages/images/ultra_binary_out.png>
Package pdftex.def Info: subpages/images/ultra_binary_out.png  used on input line 140.
(pdftex.def)             Requested size: 341.43437pt x 68.00722pt.
<subpages/images/ultra_binary_transition.png, id=372, 1238.6275pt x 592.2125pt>
File: subpages/images/ultra_binary_transition.png Graphic file (type png)
<use subpages/images/ultra_binary_transition.png>
Package pdftex.def Info: subpages/images/ultra_binary_transition.png  used on input line 146.
(pdftex.def)             Requested size: 341.43437pt x 163.24298pt.



Package fancyhdr Warning: \headheight is too small (12.0pt): 
(fancyhdr)                Make it at least 14.49998pt, for example:
(fancyhdr)                \setlength{\headheight}{14.49998pt}.
(fancyhdr)                You might also make \topmargin smaller:
(fancyhdr)                \addtolength{\topmargin}{-2.49998pt}.

[26 <./subpages/images/ultra_comparator.png> <./subpages/images/ultra_reference_out.png>]
<subpages/images/ultra_out.png, id=382, 1021.8175pt x 764.8575pt>
File: subpages/images/ultra_out.png Graphic file (type png)
<use subpages/images/ultra_out.png>
Package pdftex.def Info: subpages/images/ultra_out.png  used on input line 154.
(pdftex.def)             Requested size: 256.07741pt x 191.68073pt.
)


Package fancyhdr Warning: \headheight is too small (12.0pt): 
(fancyhdr)                Make it at least 14.49998pt, for example:
(fancyhdr)                \setlength{\headheight}{14.49998pt}.
(fancyhdr)                You might also make \topmargin smaller:
(fancyhdr)                \addtolength{\topmargin}{-2.49998pt}.

[27 <./subpages/images/ultra_binary_out.png> <./subpages/images/ultra_binary_transition.png> <./subpages/images/ultra_out.png>]


Package fancyhdr Warning: \headheight is too small (12.0pt): 
(fancyhdr)                Make it at least 14.49998pt, for example:
(fancyhdr)                \setlength{\headheight}{14.49998pt}.
(fancyhdr)                You might also make \topmargin smaller:
(fancyhdr)                \addtolength{\topmargin}{-2.49998pt}.

[28]
Chapter 6.
(./subpages/radio.tex
Overfull \hbox (33.81035pt too wide) in paragraph at lines 16--29
 [][] 
 []



[29

]
<subpages/images/radio_LTspice_rc_circuit.png, id=407, 908.64468pt x 465.99094pt>
File: subpages/images/radio_LTspice_rc_circuit.png Graphic file (type png)
<use subpages/images/radio_LTspice_rc_circuit.png>
Package pdftex.def Info: subpages/images/radio_LTspice_rc_circuit.png  used on input line 47.
(pdftex.def)             Requested size: 341.43437pt x 175.10168pt.
<subpages/images/radio_ac_waveform.png, id=408, 2565.585pt x 1341.01pt>
File: subpages/images/radio_ac_waveform.png Graphic file (type png)
<use subpages/images/radio_ac_waveform.png>
Package pdftex.def Info: subpages/images/radio_ac_waveform.png  used on input line 55.
(pdftex.def)             Requested size: 341.43437pt x 178.4503pt.



Package fancyhdr Warning: \headheight is too small (12.0pt): 
(fancyhdr)                Make it at least 14.49998pt, for example:
(fancyhdr)                \setlength{\headheight}{14.49998pt}.
(fancyhdr)                You might also make \topmargin smaller:
(fancyhdr)                \addtolength{\topmargin}{-2.49998pt}.

[30 <./subpages/images/radio_ltspice_rc_circuit.png> <./subpages/images/radio_ac_waveform.png (PNG copy)>]
<subpages/images/radio_am_envelope_signal.png, id=418, 2565.585pt x 1341.01pt>
File: subpages/images/radio_am_envelope_signal.png Graphic file (type png)
<use subpages/images/radio_am_envelope_signal.png>
Package pdftex.def Info: subpages/images/radio_am_envelope_signal.png  used on input line 72.
(pdftex.def)             Requested size: 341.43437pt x 178.4503pt.
<subpages/images/radio_envelope_output.png, id=419, 2565.585pt x 1341.01pt>
File: subpages/images/radio_envelope_output.png Graphic file (type png)
<use subpages/images/radio_envelope_output.png>
Package pdftex.def Info: subpages/images/radio_envelope_output.png  used on input line 83.
(pdftex.def)             Requested size: 341.43437pt x 178.4503pt.



Package fancyhdr Warning: \headheight is too small (12.0pt): 
(fancyhdr)                Make it at least 14.49998pt, for example:
(fancyhdr)                \setlength{\headheight}{14.49998pt}.
(fancyhdr)                You might also make \topmargin smaller:
(fancyhdr)                \addtolength{\topmargin}{-2.49998pt}.

[31 <./subpages/images/radio_am_envelope_signal.png (PNG copy)> <./subpages/images/radio_envelope_output.png (PNG copy)>]
<subpages/images/radio_circuit.jpg, id=426, 549.55313pt x 392.21532pt>
File: subpages/images/radio_circuit.jpg Graphic file (type jpg)
<use subpages/images/radio_circuit.jpg>
Package pdftex.def Info: subpages/images/radio_circuit.jpg  used on input line 120.
(pdftex.def)             Requested size: 341.43437pt x 243.68567pt.



Package fancyhdr Warning: \headheight is too small (12.0pt): 
(fancyhdr)                Make it at least 14.49998pt, for example:
(fancyhdr)                \setlength{\headheight}{14.49998pt}.
(fancyhdr)                You might also make \topmargin smaller:
(fancyhdr)                \addtolength{\topmargin}{-2.49998pt}.

[32])


Package fancyhdr Warning: \headheight is too small (12.0pt): 
(fancyhdr)                Make it at least 14.49998pt, for example:
(fancyhdr)                \setlength{\headheight}{14.49998pt}.
(fancyhdr)                You might also make \topmargin smaller:
(fancyhdr)                \addtolength{\topmargin}{-2.49998pt}.

[33 <./subpages/images/radio_circuit.jpg>]
Chapter 7.
(./subpages/magnetism.tex
Underfull \hbox (badness 3375) in paragraph at lines 14--14
[]\T1/cmr/bx/n/12 Sensor Char-ac-ter-
 []


Underfull \hbox (badness 6016) in paragraph at lines 16--17
\T1/cmr/m/n/12 tin-guishes mag-netic fields based on volt-age in-
 []



[34

]
<subpages/images/magnet_model.png, id=444, 1084.05pt x 710.655pt>
File: subpages/images/magnet_model.png Graphic file (type png)
<use subpages/images/magnet_model.png>
Package pdftex.def Info: subpages/images/magnet_model.png  used on input line 32.
(pdftex.def)             Requested size: 256.07741pt x 167.87144pt.
<subpages/images/magnet_out.png, id=445, 1084.05pt x 560.0925pt>
File: subpages/images/magnet_out.png Graphic file (type png)
<use subpages/images/magnet_out.png>
Package pdftex.def Info: subpages/images/magnet_out.png  used on input line 38.
(pdftex.def)             Requested size: 256.07741pt x 132.30545pt.



Package fancyhdr Warning: \headheight is too small (12.0pt): 
(fancyhdr)                Make it at least 14.49998pt, for example:
(fancyhdr)                \setlength{\headheight}{14.49998pt}.
(fancyhdr)                You might also make \topmargin smaller:
(fancyhdr)                \addtolength{\topmargin}{-2.49998pt}.

[35 <./subpages/images/magnet_model.png>]
<subpages/images/magnet_circuit.png, id=453, 1086.0575pt x 431.6125pt>
File: subpages/images/magnet_circuit.png Graphic file (type png)
<use subpages/images/magnet_circuit.png>
Package pdftex.def Info: subpages/images/magnet_circuit.png  used on input line 48.
(pdftex.def)             Requested size: 256.07741pt x 101.76482pt.



Package fancyhdr Warning: \headheight is too small (12.0pt): 
(fancyhdr)                Make it at least 14.49998pt, for example:
(fancyhdr)                \setlength{\headheight}{14.49998pt}.
(fancyhdr)                You might also make \topmargin smaller:
(fancyhdr)                \addtolength{\topmargin}{-2.49998pt}.

[36 <./subpages/images/magnet_out.png> <./subpages/images/magnet_circuit.png>]
<subpages/images/magnet_arm_irl.png, id=464, 979.66pt x 732.7375pt>
File: subpages/images/magnet_arm_irl.png Graphic file (type png)
<use subpages/images/magnet_arm_irl.png>
Package pdftex.def Info: subpages/images/magnet_arm_irl.png  used on input line 76.
(pdftex.def)             Requested size: 298.75264pt x 223.44548pt.
<subpages/images/magnet_circuit_irl.png, id=465, 465.99094pt x 231.86626pt>
File: subpages/images/magnet_circuit_irl.png Graphic file (type png)
<use subpages/images/magnet_circuit_irl.png>
Package pdftex.def Info: subpages/images/magnet_circuit_irl.png  used on input line 82.
(pdftex.def)             Requested size: 298.75264pt x 148.6557pt.
)


Package fancyhdr Warning: \headheight is too small (12.0pt): 
(fancyhdr)                Make it at least 14.49998pt, for example:
(fancyhdr)                \setlength{\headheight}{14.49998pt}.
(fancyhdr)                You might also make \topmargin smaller:
(fancyhdr)                \addtolength{\topmargin}{-2.49998pt}.

[37 <./subpages/images/magnet_arm_irl.png> <./subpages/images/magnet_circuit_irl.png>]


Package fancyhdr Warning: \headheight is too small (12.0pt): 
(fancyhdr)                Make it at least 14.49998pt, for example:
(fancyhdr)                \setlength{\headheight}{14.49998pt}.
(fancyhdr)                You might also make \topmargin smaller:
(fancyhdr)                \addtolength{\topmargin}{-2.49998pt}.

[38]
Chapter 8.
(./subpages/arduino.tex
<subpages/images/arduino_data_flows.png, id=478, 2577.63pt x 1489.565pt>
File: subpages/images/arduino_data_flows.png Graphic file (type png)
<use subpages/images/arduino_data_flows.png>
Package pdftex.def Info: subpages/images/arduino_data_flows.png  used on input line 10.
(pdftex.def)             Requested size: 341.43437pt x 197.3096pt.


[39

 <./subpages/images/arduino_data_flows.png>]
<subpages/images/early_web_interface.png, id=485, 2537.48pt x 1431.3475pt>
File: subpages/images/early_web_interface.png Graphic file (type png)
<use subpages/images/early_web_interface.png>
Package pdftex.def Info: subpages/images/early_web_interface.png  used on input line 64.
(pdftex.def)             Requested size: 341.43437pt x 192.5902pt.


LaTeX Warning: `h' float specifier changed to `ht'.




Package fancyhdr Warning: \headheight is too small (12.0pt): 
(fancyhdr)                Make it at least 14.49998pt, for example:
(fancyhdr)                \setlength{\headheight}{14.49998pt}.
(fancyhdr)                You might also make \topmargin smaller:
(fancyhdr)                \addtolength{\topmargin}{-2.49998pt}.

[40]


Package fancyhdr Warning: \headheight is too small (12.0pt): 
(fancyhdr)                Make it at least 14.49998pt, for example:
(fancyhdr)                \setlength{\headheight}{14.49998pt}.
(fancyhdr)                You might also make \topmargin smaller:
(fancyhdr)                \addtolength{\topmargin}{-2.49998pt}.

[41 <./subpages/images/early_web_interface.png>]
Overfull \hbox (48.56757pt too wide) in paragraph at lines 129--129
[]\T1/cmtt/m/n/12 } else if (Math.abs(radioFreq - 100) <= TOLERANCE && magnetDir === "SOUTH") {[] 
 []


Overfull \hbox (30.04709pt too wide) in paragraph at lines 129--129
[]\T1/cmtt/m/n/12 } else if (Math.abs(irFreq - 293) <= TOLERANCE && magnetDir === "NORTH") {[] 
 []


Overfull \hbox (48.56757pt too wide) in paragraph at lines 129--129
[]\T1/cmtt/m/n/12 } else if (Math.abs(radioFreq - 150) <= TOLERANCE && magnetDir === "NORTH") {[] 
 []




Package fancyhdr Warning: \headheight is too small (12.0pt): 
(fancyhdr)                Make it at least 14.49998pt, for example:
(fancyhdr)                \setlength{\headheight}{14.49998pt}.
(fancyhdr)                You might also make \topmargin smaller:
(fancyhdr)                \addtolength{\topmargin}{-2.49998pt}.

[42]
Overfull \hbox (10.08678pt too wide) in paragraph at lines 158--159
[]\T1/cmr/m/n/12 The sen-sor out-puts roughly 2.5V with no field, >2.05V for South po-lar-ity (DOWN),
 []




Package fancyhdr Warning: \headheight is too small (12.0pt): 
(fancyhdr)                Make it at least 14.49998pt, for example:
(fancyhdr)                \setlength{\headheight}{14.49998pt}.
(fancyhdr)                You might also make \topmargin smaller:
(fancyhdr)                \addtolength{\topmargin}{-2.49998pt}.

[43]
<subpages/images/breadboard_box.png, id=506, 813.79031pt x 430.60875pt>
File: subpages/images/breadboard_box.png Graphic file (type png)
<use subpages/images/breadboard_box.png>
Package pdftex.def Info: subpages/images/breadboard_box.png  used on input line 226.
(pdftex.def)             Requested size: 298.75264pt x 158.0809pt.



Package fancyhdr Warning: \headheight is too small (12.0pt): 
(fancyhdr)                Make it at least 14.49998pt, for example:
(fancyhdr)                \setlength{\headheight}{14.49998pt}.
(fancyhdr)                You might also make \topmargin smaller:
(fancyhdr)                \addtolength{\topmargin}{-2.49998pt}.

[44 <./subpages/images/breadboard_box.png>]
<subpages/images/magnet_arm.png, id=513, 474.27188pt x 248.42813pt>
File: subpages/images/magnet_arm.png Graphic file (type png)
<use subpages/images/magnet_arm.png>
Package pdftex.def Info: subpages/images/magnet_arm.png  used on input line 235.
(pdftex.def)             Requested size: 298.75264pt x 156.49538pt.
<subpages/images/ultrasonic_mount.png, id=514, 669.2503pt x 376.40625pt>
File: subpages/images/ultrasonic_mount.png Graphic file (type png)
<use subpages/images/ultrasonic_mount.png>
Package pdftex.def Info: subpages/images/ultrasonic_mount.png  used on input line 244.
(pdftex.def)             Requested size: 298.75264pt x 168.03152pt.
)


Package fancyhdr Warning: \headheight is too small (12.0pt): 
(fancyhdr)                Make it at least 14.49998pt, for example:
(fancyhdr)                \setlength{\headheight}{14.49998pt}.
(fancyhdr)                You might also make \topmargin smaller:
(fancyhdr)                \addtolength{\topmargin}{-2.49998pt}.

[45 <./subpages/images/magnet_arm.png> <./subpages/images/ultrasonic_mount.png>]
Chapter 9.
(./subpages/conclusion.tex)

[46

]
Chapter 10.
(./subpages/evaluation.tex
Underfull \hbox (badness 4595) in paragraph at lines 29--29
[]\T1/cmr/m/n/10.95 MCUSD16A40S12RO Ul-tra-
 []


Underfull \hbox (badness 1371) in paragraph at lines 29--29
[]\T1/cmr/m/n/10.95 DRV5053OAQLPG Hall Ef-
 []



[47

])


Package fancyhdr Warning: \headheight is too small (12.0pt): 
(fancyhdr)                Make it at least 14.49998pt, for example:
(fancyhdr)                \setlength{\headheight}{14.49998pt}.
(fancyhdr)                You might also make \topmargin smaller:
(fancyhdr)                \addtolength{\topmargin}{-2.49998pt}.

[48]
Appendix A.

Overfull \hbox (21.34996pt too wide) in paragraph at lines 72--75
\T1/cmtt/m/n/12 blog / 2024-[]non-[]inverting-[]op-[]amp-[]explanation-[]and-[]applications$[] \T1/cmr/m/n/12 [Ac-cessed
 []


Overfull \hbox (5.05055pt too wide) in paragraph at lines 78--81
[]\T1/cmr/m/n/12 Electronics Tu-to-ri-als, 2025. \T1/cmr/m/it/12 Op-amp Com-para-tor\T1/cmr/m/n/12 . [On-line] Avail-able at: []$\T1/cmtt/m/n/12 https :
 []


Overfull \hbox (19.34996pt too wide) in paragraph at lines 78--81
\T1/cmtt/m/n/12 / / www . electronics-[]tutorials . ws / opamp / op-[]amp-[]comparator . html$[] \T1/cmr/m/n/12 [Ac-cessed
 []


Overfull \hbox (51.5748pt too wide) in paragraph at lines 82--85
\T1/cmtt/m/n/12 an-[]overview-[]of-[]the-[]1n4148-[]diode-[]pinout-[]characteristics-[]and-[]applications/$[]
 []


Overfull \hbox (1.34012pt too wide) in paragraph at lines 94--97
\T1/cmtt/m/n/12 com / hakanmerdan / EEESeaBoat2025 / blob / main / doc / README . md$[] \T1/cmr/m/n/12 [Ac-cessed 13
 []


Overfull \hbox (6.93204pt too wide) in paragraph at lines 98--101
[]\T1/cmr/m/n/12 Microchip, 2017. \T1/cmr/m/it/12 MCP6021/1R/2/3/4 Datasheet\T1/cmr/m/n/12 . [On-line] Avail-able at: []$\T1/cmtt/m/n/12 https :
 []


Overfull \hbox (4.34377pt too wide) in paragraph at lines 102--105
[]\T1/cmr/m/n/12 Microchip, 2020. \T1/cmr/m/it/12 MCP6561/1R/1U/2/4 Com-para-tor Datasheet\T1/cmr/m/n/12 . [On-line] Avail-
 []


Overfull \hbox (72.8219pt too wide) in paragraph at lines 102--105
\T1/cmr/m/n/12 able at: []$\T1/cmtt/m/n/12 https : / / ww1 . microchip . com / downloads / en / DeviceDoc / MCP6561-[]1R-[]1U-[]2-[]4-[]1 .
 []


Overfull \hbox (2.82948pt too wide) in paragraph at lines 102--105
\T1/cmtt/m/n/12 8V-[]Low-[]Power-[]Push-[]Pull-[]Output-[]Comparator-[]DS20002139E . pdf$[] \T1/cmr/m/n/12 [Ac-cessed
 []


Overfull \hbox (320.96841pt too wide) in paragraph at lines 106--109
\T1/cmr/m/n/12 line] Avail-able at: []$\T1/cmtt/m/n/12 https : / / www . mpe-[]electronics . co . uk / 2024 / 10 / 22 / advantages-[]and-[]disadvantages-[]of-[]surface-[]mount-[]technology$[]
 []



[49

]
Overfull \hbox (12.44933pt too wide) in paragraph at lines 114--117
\T1/cmr/m/it/12 duc-ers\T1/cmr/m/n/12 . [On-line] Avail-able at: []$\T1/cmtt/m/n/12 http : / / users . df . uba . ar / sgil / physics _ paper _
 []




Package fancyhdr Warning: \headheight is too small (12.0pt): 
(fancyhdr)                Make it at least 14.49998pt, for example:
(fancyhdr)                \setlength{\headheight}{14.49998pt}.
(fancyhdr)                You might also make \topmargin smaller:
(fancyhdr)                \addtolength{\topmargin}{-2.49998pt}.

[50] (./report.aux)
 ***********
LaTeX2e <2024-11-01> patch level 2
L3 programming layer <2025-01-18>
 ***********


LaTeX Warning: There were multiply-defined labels.

Package rerunfilecheck Info: File `report.out' has not changed.
(rerunfilecheck)             Checksum: 74CDD7AD9FCB706A2AAE2049DBFF18E9;4569.
 ) 
Here is how much of TeX's memory you used:
 13633 strings out of 473190
 224275 string characters out of 5719979
 700289 words of memory out of 5000000
 36525 multiletter control sequences out of 15000+600000
 579769 words of font info for 88 fonts, out of 8000000 for 9000
 1141 hyphenation exceptions out of 8191
 79i,14n,93p,1142b,598s stack positions out of 10000i,1000n,20000p,200000b,200000s
<c:/texlive/2025/texmf-dist/fonts/type1/public/amsfonts/cm/cmmi12.pfb><c:/texlive/2025/texmf-dist/fonts/type1/public/amsfonts/cm/cmmi6.pfb><c:/texlive/2025/texmf-dist/fonts/type1/public/amsfonts/cm/cmmi8.pfb><c:/texlive/2025/texmf-dist/fonts/type1/public/amsfonts/cm/cmr12.pfb><c:/texlive/2025/texmf-dist/fonts/type1/public/amsfonts/cm/cmr6.pfb><c:/texlive/2025/texmf-dist/fonts/type1/public/amsfonts/cm/cmr8.pfb><c:/texlive/2025/texmf-dist/fonts/type1/public/amsfonts/cm/cmsy10.pfb><c:/texlive/2025/texmf-dist/fonts/type1/public/amsfonts/cm/cmsy8.pfb><c:/texlive/2025/texmf-dist/fonts/type1/public/cm-super/sfbx1095.pfb><c:/texlive/2025/texmf-dist/fonts/type1/public/cm-super/sfbx1200.pfb><c:/texlive/2025/texmf-dist/fonts/type1/public/cm-super/sfbx1440.pfb><c:/texlive/2025/texmf-dist/fonts/type1/public/cm-super/sfbx1728.pfb><c:/texlive/2025/texmf-dist/fonts/type1/public/cm-super/sfbx2074.pfb><c:/texlive/2025/texmf-dist/fonts/type1/public/cm-super/sfbx2488.pfb><c:/texlive/2025/texmf-dist/fonts/type1/public/cm-super/sfrm0800.pfb><c:/texlive/2025/texmf-dist/fonts/type1/public/cm-super/sfrm1095.pfb><c:/texlive/2025/texmf-dist/fonts/type1/public/cm-super/sfrm1200.pfb><c:/texlive/2025/texmf-dist/fonts/type1/public/cm-super/sfrm1440.pfb><c:/texlive/2025/texmf-dist/fonts/type1/public/cm-super/sfti1200.pfb><c:/texlive/2025/texmf-dist/fonts/type1/public/cm-super/sftt1200.pfb>
Output written on report.pdf (51 pages, 10298688 bytes).
PDF statistics:
 722 PDF objects out of 1000 (max. 8388607)
 528 compressed objects within 6 object streams
 166 named destinations out of 1000 (max. 500000)
 486 words of extra memory for PDF output out of 10000 (max. 10000000)

